<?xml version="1.0" encoding="UTF-8"?>
<!-- Generated by org.testng.reporters.JUnitReportReporter -->
<testsuite hostname="LAPTOP-DGUP2R51" failures="0" tests="1" name="Acedamy.validatetitle" time="0.084" errors="0" timestamp="2021-08-31T14:04:23 IST" skipped="0">
  <testcase classname="Acedamy.validatetitle" name="titlevalidation" time="0.084"/>
  <system-out/>
</testsuite> <!-- Acedamy.validatetitle -->
