<?xml version="1.0" encoding="UTF-8"?>
<!-- Generated by org.testng.reporters.JUnitReportReporter -->
<testsuite hostname="LAPTOP-DGUP2R51" failures="0" tests="1" name="Acedamy.navbar" time="0.069" errors="0" timestamp="2021-08-31T14:04:23 IST" skipped="0">
  <testcase classname="Acedamy.navbar" name="navbarvalidation" time="0.069"/>
  <system-out/>
</testsuite> <!-- Acedamy.navbar -->
