<?xml version="1.0" encoding="UTF-8"?>
<!-- Generated by org.testng.reporters.JUnitReportReporter -->
<testsuite hostname="LAPTOP-DGUP2R51" failures="0" tests="2" name="Acedamy.Homepage" time="6.903" errors="0" timestamp="2021-08-31T14:04:23 IST" skipped="0">
  <testcase classname="Acedamy.Homepage" name="basepagenavigation" time="4.406"/>
  <system-out/>
  <testcase classname="Acedamy.Homepage" name="basepagenavigation" time="2.497"/>
  <system-out/>
</testsuite> <!-- Acedamy.Homepage -->
