<?xml version="1.0" encoding="UTF-8"?>
<!-- Generated by org.testng.reporters.JUnitReportReporter -->
<testsuite skipped="2" hostname="LAPTOP-DGUP2R51" name="cucumberOptions.TestRunner" tests="2" failures="0" timestamp="2021-09-08T17:14:32 IST" time="22.273" errors="0">
  <testcase name="runScenario" time="9.394" classname="cucumberOptions.TestRunner">
    <skipped/>
  </testcase> <!-- runScenario -->
  <system-out>
    <![CDATA[<div "result">Intilize the browser with chrome (PASSED : 1s)</div>
<div "result">Navigate to &quot;http:&#x2F;&#x2F;www.qaclickacademy.com&#x2F;&#x2F;&quot; site (PASSED : 5s)</div>
<div "result">Click on Login link to land on the secure signin page (PASSED : 1s)</div>
<div "result">User enters test123@gmail.com and 12345 and logs in (PASSED : 0s)</div>
<div "result">user enters &quot;anusha&quot; and password as &quot;12345&quot; (UNDEFINED)</div>
<div "result">close browesers (SKIPPED)</div>]]>
  </system-out>
  <testcase name="runScenario" time="12.879" classname="cucumberOptions.TestRunner">
    <skipped/>
  </testcase> <!-- runScenario -->
  <system-out>
    <![CDATA[<div "result">Intilize the browser with chrome (PASSED : 3s)</div>
<div "result">Navigate to &quot;http:&#x2F;&#x2F;www.qaclickacademy.com&#x2F;&#x2F;&quot; site (PASSED : 7s)</div>
<div "result">Click on Login link to land on the secure signin page (PASSED : 1s)</div>
<div "result">User enters test99@gmail.com and 123456 and logs in (PASSED : 0s)</div>
<div "result">user enters &quot;anusha&quot; and password as &quot;12345&quot; (UNDEFINED)</div>
<div "result">close browesers (SKIPPED)</div>]]>
  </system-out>
</testsuite> <!-- cucumberOptions.TestRunner -->
