<?xml version="1.0" encoding="UTF-8"?>
<!-- Generated by org.testng.reporters.JUnitReportReporter -->
<testsuite skipped="0" hostname="LAPTOP-DGUP2R51" name="Acedamy.navbar" tests="1" failures="0" timestamp="2021-09-10T17:22:37 IST" time="0.123" errors="0">
  <testcase name="navbarvalidation" time="0.123" classname="Acedamy.navbar"/>
  <system-out/>
</testsuite> <!-- Acedamy.navbar -->
