<?xml version="1.0" encoding="UTF-8"?>
<!-- Generated by org.testng.reporters.JUnitReportReporter -->
<testsuite skipped="0" hostname="LAPTOP-DGUP2R51" name="Acedamy.Homepage" tests="2" failures="0" timestamp="2021-09-10T17:22:37 IST" time="5.550" errors="0">
  <testcase name="basepagenavigation" time="3.376" classname="Acedamy.Homepage"/>
  <system-out/>
  <testcase name="basepagenavigation" time="2.174" classname="Acedamy.Homepage"/>
  <system-out/>
</testsuite> <!-- Acedamy.Homepage -->
